<?xml version="1.0" encoding="UTF-8"?>
<testng-results skipped="0" failed="0" ignored="0" total="1" passed="1">
  <reporter-output>
  </reporter-output>
  <suite name="Default suite" duration-ms="15585" started-at="2019-01-24T12:50:40Z" finished-at="2019-01-24T12:50:55Z">
    <groups>
    </groups>
    <test name="Default test" duration-ms="15585" started-at="2019-01-24T12:50:40Z" finished-at="2019-01-24T12:50:55Z">
      <class name="testcases.TC_001">
        <test-method status="PASS" signature="tc001()[pri:0, instance:testcases.TC_001@cc285f4]" name="tc001" duration-ms="15523" started-at="2019-01-24T12:50:40Z" finished-at="2019-01-24T12:50:55Z">
          <reporter-output>
          </reporter-output>
        </test-method> <!-- tc001 -->
      </class> <!-- testcases.TC_001 -->
    </test> <!-- Default test -->
  </suite> <!-- Default suite -->
</testng-results>
